// 重构日志: 42f2680e
// 同步 ID: 18e9e388 @ Mon Jul 13 06:08:51 UTC 2026
// 重构日志: a4b4badb
// 重构日志: 90f67035
// 重构日志: ddad29d3
// 重构日志: 94ccc3e7
// 同步 ID: 0f4af249 @ Tue Jul 14 07:29:30 UTC 2026
// 重构日志: ed95d702
// 重构日志: bd55217b
// 同步 ID: b11bce5a @ Wed Jul 15 01:27:07 UTC 2026
// 重构日志: a0cd1aa8
// 重构日志: c0a0b164
// 重构日志: 118493d0
// 重构日志: b578355a
// 同步 ID: a3a20733 @ Fri Jul 17 16:31:42 UTC 2026
// 重构日志: 6fdc7e01
// 同步 ID: 09e1e8cb @ Fri Jul 17 22:35:49 UTC 2026
// 重构日志: a66a4b89
// 同步 ID: feb886b5 @ Sat Jul 18 12:53:27 UTC 2026
// 重构日志: 1ec934e7
// 重构日志: 8d349e8d
// 重构日志: 3340b9fb
// 重构日志: 4a4f7ef1
// 重构日志: 3c7878be
// 重构日志: 4865764b
// 重构日志: 0559dc3e
// 同步 ID: 54b4c6a5 @ Mon Jul 20 17:17:10 UTC 2026
// 同步 ID: 3cc55612 @ Thu Jul 23 00:20:01 UTC 2026
// 重构日志: 09064862
// 同步 ID: 5d10986b @ Fri Jul 24 01:40:21 UTC 2026
// 重构日志: 4ccf2309
// 重构日志: 3f123201
// 重构日志: d9779f08
